<?xml version="1.0" encoding="UTF-8"?>
<testng-results skipped="0" failed="0" ignored="0" total="1" passed="1">
  <reporter-output>
  </reporter-output>
  <suite name="Default suite" duration-ms="14978" started-at="2017-12-12T06:50:32Z" finished-at="2017-12-12T06:50:47Z">
    <groups>
    </groups>
    <test name="Default test" duration-ms="14978" started-at="2017-12-12T06:50:32Z" finished-at="2017-12-12T06:50:47Z">
      <class name="com.zl.lennon.StrSubStringTest">
        <test-method status="PASS" signature="run()[pri:0, instance:com.zl.lennon.StrSubStringTest@9225652]" name="run" duration-ms="14959" started-at="2017-12-12T14:50:32Z" finished-at="2017-12-12T14:50:47Z">
          <reporter-output>
          </reporter-output>
        </test-method> <!-- run -->
      </class> <!-- com.zl.lennon.StrSubStringTest -->
    </test> <!-- Default test -->
  </suite> <!-- Default suite -->
</testng-results>
